==00:00:00:00.000 7303== Memcheck, a memory error detector
==00:00:00:00.000 7303== Copyright (C) 2002-2017, and GNU GPL'd, by Julian Seward et al.
==00:00:00:00.000 7303== Using Valgrind-3.13.0 and LibVEX; rerun with -h for copyright info
==00:00:00:00.000 7303== Command: ./tp server 10001
==00:00:00:00.000 7303== Parent PID: 7301
==00:00:00:00.000 7303== 
==00:00:00:02.466 7303== 
==00:00:00:02.466 7303== FILE DESCRIPTORS: 4 open at exit.
==00:00:00:02.466 7303== Open file descriptor 3: /home/jorge/Taller/Taller-TP1/src/valgrind_server.out
==00:00:00:02.466 7303==    <inherited from parent>
==00:00:00:02.466 7303== 
==00:00:00:02.466 7303== Open file descriptor 2: /home/jorge/Taller/Taller-TP1/src/__server_stderr__
==00:00:00:02.466 7303==    <inherited from parent>
==00:00:00:02.466 7303== 
==00:00:00:02.466 7303== Open file descriptor 1: /home/jorge/Taller/Taller-TP1/src/__server_stdout__
==00:00:00:02.466 7303==    <inherited from parent>
==00:00:00:02.466 7303== 
==00:00:00:02.466 7303== Open file descriptor 0: /dev/null
==00:00:00:02.466 7303==    <inherited from parent>
==00:00:00:02.466 7303== 
==00:00:00:02.466 7303== 
==00:00:00:02.466 7303== HEAP SUMMARY:
==00:00:00:02.466 7303==     in use at exit: 0 bytes in 0 blocks
==00:00:00:02.466 7303==   total heap usage: 8 allocs, 8 frees, 5,080 bytes allocated
==00:00:00:02.466 7303== 
==00:00:00:02.466 7303== All heap blocks were freed -- no leaks are possible
==00:00:00:02.466 7303== 
==00:00:00:02.466 7303== For counts of detected and suppressed errors, rerun with: -v
==00:00:00:02.466 7303== ERROR SUMMARY: 0 errors from 0 contexts (suppressed: 0 from 0)
