==00:00:00:00.000 11914== Memcheck, a memory error detector
==00:00:00:00.000 11914== Copyright (C) 2002-2017, and GNU GPL'd, by Julian Seward et al.
==00:00:00:00.000 11914== Using Valgrind-3.13.0 and LibVEX; rerun with -h for copyright info
==00:00:00:00.000 11914== Command: ./tp client 127.0.0.1 10001
==00:00:00:00.000 11914== Parent PID: 11907
==00:00:00:00.000 11914== 
==00:00:00:01.074 11914== 
==00:00:00:01.074 11914== FILE DESCRIPTORS: 4 open at exit.
==00:00:00:01.074 11914== Open file descriptor 3: /home/jorge/Taller/Taller-TP1/src/valgrind_client.out
==00:00:00:01.074 11914==    <inherited from parent>
==00:00:00:01.074 11914== 
==00:00:00:01.074 11914== Open file descriptor 2: /home/jorge/Taller/Taller-TP1/src/__client_stderr__
==00:00:00:01.074 11914==    <inherited from parent>
==00:00:00:01.074 11914== 
==00:00:00:01.074 11914== Open file descriptor 1: /home/jorge/Taller/Taller-TP1/src/__client_stdout__
==00:00:00:01.074 11914==    <inherited from parent>
==00:00:00:01.074 11914== 
==00:00:00:01.074 11914== Open file descriptor 0: /home/jorge/Taller/Taller-TP1/src/client.in
==00:00:00:01.074 11914==    <inherited from parent>
==00:00:00:01.074 11914== 
==00:00:00:01.074 11914== 
==00:00:00:01.074 11914== HEAP SUMMARY:
==00:00:00:01.074 11914==     in use at exit: 0 bytes in 0 blocks
==00:00:00:01.074 11914==   total heap usage: 11 allocs, 11 frees, 13,321 bytes allocated
==00:00:00:01.074 11914== 
==00:00:00:01.074 11914== All heap blocks were freed -- no leaks are possible
==00:00:00:01.074 11914== 
==00:00:00:01.074 11914== For counts of detected and suppressed errors, rerun with: -v
==00:00:00:01.074 11914== ERROR SUMMARY: 0 errors from 0 contexts (suppressed: 0 from 0)
